0 info it worked if it ends with ok
1 verbose cli [ 'C:\\Program Files\\nodejs\\node.exe',
1 verbose cli   'C:\\Program Files\\nodejs\\node_modules\\npm\\bin\\npm-cli.js',
1 verbose cli   'install',
1 verbose cli   'snapchat',
1 verbose cli   '--save' ]
2 info using npm@3.8.3
3 info using node@v5.10.1
4 silly loadCurrentTree Starting
5 silly install loadCurrentTree
6 silly install readLocalPackageData
7 silly fetchPackageMetaData snapchat
8 silly fetchNamedPackageData snapchat
9 silly mapToRegistry name snapchat
10 silly mapToRegistry using default registry
11 silly mapToRegistry registry https://registry.npmjs.org/
12 silly mapToRegistry data Result {
12 silly mapToRegistry   raw: 'snapchat',
12 silly mapToRegistry   scope: null,
12 silly mapToRegistry   name: 'snapchat',
12 silly mapToRegistry   rawSpec: '',
12 silly mapToRegistry   spec: 'latest',
12 silly mapToRegistry   type: 'tag' }
13 silly mapToRegistry uri https://registry.npmjs.org/snapchat
14 verbose request uri https://registry.npmjs.org/snapchat
15 verbose request no auth needed
16 info attempt registry request try #1 at 11:08:34 PM
17 verbose request id 0bd6c66a55cf3785
18 verbose etag "EUIYM8J2ZT0QZC0AXZPIFID40"
19 http request GET https://registry.npmjs.org/snapchat
20 http 304 https://registry.npmjs.org/snapchat
21 verbose headers { date: 'Sat, 14 May 2016 03:08:38 GMT',
21 verbose headers   via: '1.1 varnish',
21 verbose headers   'cache-control': 'max-age=300',
21 verbose headers   etag: '"EUIYM8J2ZT0QZC0AXZPIFID40"',
21 verbose headers   age: '198',
21 verbose headers   connection: 'keep-alive',
21 verbose headers   'x-served-by': 'cache-iad2140-IAD',
21 verbose headers   'x-cache': 'HIT',
21 verbose headers   'x-cache-hits': '1',
21 verbose headers   'x-timer': 'S1463195318.060067,VS0,VE0',
21 verbose headers   vary: 'Accept-Encoding' }
22 silly get cb [ 304,
22 silly get   { date: 'Sat, 14 May 2016 03:08:38 GMT',
22 silly get     via: '1.1 varnish',
22 silly get     'cache-control': 'max-age=300',
22 silly get     etag: '"EUIYM8J2ZT0QZC0AXZPIFID40"',
22 silly get     age: '198',
22 silly get     connection: 'keep-alive',
22 silly get     'x-served-by': 'cache-iad2140-IAD',
22 silly get     'x-cache': 'HIT',
22 silly get     'x-cache-hits': '1',
22 silly get     'x-timer': 'S1463195318.060067,VS0,VE0',
22 silly get     vary: 'Accept-Encoding' } ]
23 verbose etag https://registry.npmjs.org/snapchat from cache
24 verbose get saving snapchat to C:\Users\loset\AppData\Roaming\npm-cache\registry.npmjs.org\snapchat\.cache.json
25 verbose correctMkdir C:\Users\loset\AppData\Roaming\npm-cache correctMkdir not in flight; initializing
26 silly install normalizeTree
27 silly loadCurrentTree Finishing
28 silly loadIdealTree Starting
29 silly install loadIdealTree
30 silly cloneCurrentTree Starting
31 silly install cloneCurrentTreeToIdealTree
32 silly cloneCurrentTree Finishing
33 silly loadShrinkwrap Starting
34 silly install loadShrinkwrap
35 silly loadShrinkwrap Finishing
36 silly loadAllDepsIntoIdealTree Starting
37 silly install loadAllDepsIntoIdealTree
38 silly resolveWithNewModule snapchat@2.0.2 checking installable status
39 silly cache add args [ 'snapchat', null ]
40 verbose cache add spec snapchat
41 silly cache add parsed spec Result {
41 silly cache add   raw: 'snapchat',
41 silly cache add   scope: null,
41 silly cache add   name: 'snapchat',
41 silly cache add   rawSpec: '',
41 silly cache add   spec: 'latest',
41 silly cache add   type: 'tag' }
42 silly addNamed snapchat@latest
43 verbose addNamed "latest" is being treated as a dist-tag for snapchat
44 info addNameTag [ 'snapchat', 'latest' ]
45 silly mapToRegistry name snapchat
46 silly mapToRegistry using default registry
47 silly mapToRegistry registry https://registry.npmjs.org/
48 silly mapToRegistry data Result {
48 silly mapToRegistry   raw: 'snapchat',
48 silly mapToRegistry   scope: null,
48 silly mapToRegistry   name: 'snapchat',
48 silly mapToRegistry   rawSpec: '',
48 silly mapToRegistry   spec: 'latest',
48 silly mapToRegistry   type: 'tag' }
49 silly mapToRegistry uri https://registry.npmjs.org/snapchat
50 verbose addNameTag registry:https://registry.npmjs.org/snapchat not in flight; fetching
51 verbose get https://registry.npmjs.org/snapchat not expired, no request
52 silly addNameTag next cb for snapchat with tag latest
53 silly addNamed snapchat@2.0.2
54 verbose addNamed "2.0.2" is a plain semver version for snapchat
55 silly cache afterAdd snapchat@2.0.2
56 verbose afterAdd C:\Users\loset\AppData\Roaming\npm-cache\snapchat\2.0.2\package\package.json not in flight; writing
57 verbose correctMkdir C:\Users\loset\AppData\Roaming\npm-cache correctMkdir not in flight; initializing
58 verbose afterAdd C:\Users\loset\AppData\Roaming\npm-cache\snapchat\2.0.2\package\package.json written
59 silly fetchNamedPackageData async
60 silly mapToRegistry name async
61 silly mapToRegistry using default registry
62 silly mapToRegistry registry https://registry.npmjs.org/
63 silly mapToRegistry data Result {
63 silly mapToRegistry   raw: 'async',
63 silly mapToRegistry   scope: null,
63 silly mapToRegistry   name: 'async',
63 silly mapToRegistry   rawSpec: '',
63 silly mapToRegistry   spec: 'latest',
63 silly mapToRegistry   type: 'tag' }
64 silly mapToRegistry uri https://registry.npmjs.org/async
65 silly fetchNamedPackageData bignum
66 silly mapToRegistry name bignum
67 silly mapToRegistry using default registry
68 silly mapToRegistry registry https://registry.npmjs.org/
69 silly mapToRegistry data Result {
69 silly mapToRegistry   raw: 'bignum',
69 silly mapToRegistry   scope: null,
69 silly mapToRegistry   name: 'bignum',
69 silly mapToRegistry   rawSpec: '',
69 silly mapToRegistry   spec: 'latest',
69 silly mapToRegistry   type: 'tag' }
70 silly mapToRegistry uri https://registry.npmjs.org/bignum
71 verbose request uri https://registry.npmjs.org/async
72 verbose request no auth needed
73 info attempt registry request try #1 at 11:08:35 PM
74 verbose etag "92P1W3AMNE6A081JI32KA9ZO8"
75 http request GET https://registry.npmjs.org/async
76 verbose request uri https://registry.npmjs.org/bignum
77 verbose request no auth needed
78 info attempt registry request try #1 at 11:08:35 PM
79 verbose etag "DX4HG4GU9CY5UVROAN42M4TBA"
80 http request GET https://registry.npmjs.org/bignum
81 http 304 https://registry.npmjs.org/async
82 verbose headers { date: 'Sat, 14 May 2016 03:08:38 GMT',
82 verbose headers   via: '1.1 varnish',
82 verbose headers   'cache-control': 'max-age=300',
82 verbose headers   etag: '"92P1W3AMNE6A081JI32KA9ZO8"',
82 verbose headers   age: '30',
82 verbose headers   connection: 'keep-alive',
82 verbose headers   'x-served-by': 'cache-iad2140-IAD',
82 verbose headers   'x-cache': 'HIT',
82 verbose headers   'x-cache-hits': '2',
82 verbose headers   'x-timer': 'S1463195318.449367,VS0,VE0',
82 verbose headers   vary: 'Accept-Encoding' }
83 silly get cb [ 304,
83 silly get   { date: 'Sat, 14 May 2016 03:08:38 GMT',
83 silly get     via: '1.1 varnish',
83 silly get     'cache-control': 'max-age=300',
83 silly get     etag: '"92P1W3AMNE6A081JI32KA9ZO8"',
83 silly get     age: '30',
83 silly get     connection: 'keep-alive',
83 silly get     'x-served-by': 'cache-iad2140-IAD',
83 silly get     'x-cache': 'HIT',
83 silly get     'x-cache-hits': '2',
83 silly get     'x-timer': 'S1463195318.449367,VS0,VE0',
83 silly get     vary: 'Accept-Encoding' } ]
84 verbose etag https://registry.npmjs.org/async from cache
85 verbose get saving async to C:\Users\loset\AppData\Roaming\npm-cache\registry.npmjs.org\async\.cache.json
86 verbose correctMkdir C:\Users\loset\AppData\Roaming\npm-cache correctMkdir not in flight; initializing
87 silly resolveWithNewModule async@1.5.2 checking installable status
88 silly cache add args [ 'async@^1.4.2', null ]
89 verbose cache add spec async@^1.4.2
90 silly cache add parsed spec Result {
90 silly cache add   raw: 'async@^1.4.2',
90 silly cache add   scope: null,
90 silly cache add   name: 'async',
90 silly cache add   rawSpec: '^1.4.2',
90 silly cache add   spec: '>=1.4.2 <2.0.0',
90 silly cache add   type: 'range' }
91 silly addNamed async@>=1.4.2 <2.0.0
92 verbose addNamed ">=1.4.2 <2.0.0" is a valid semver range for async
93 silly addNameRange { name: 'async', range: '>=1.4.2 <2.0.0', hasData: false }
94 silly mapToRegistry name async
95 silly mapToRegistry using default registry
96 silly mapToRegistry registry https://registry.npmjs.org/
97 silly mapToRegistry data Result {
97 silly mapToRegistry   raw: 'async',
97 silly mapToRegistry   scope: null,
97 silly mapToRegistry   name: 'async',
97 silly mapToRegistry   rawSpec: '',
97 silly mapToRegistry   spec: 'latest',
97 silly mapToRegistry   type: 'tag' }
98 silly mapToRegistry uri https://registry.npmjs.org/async
99 verbose addNameRange registry:https://registry.npmjs.org/async not in flight; fetching
100 verbose get https://registry.npmjs.org/async not expired, no request
101 silly addNameRange number 2 { name: 'async', range: '>=1.4.2 <2.0.0', hasData: true }
102 silly addNameRange versions [ 'async',
102 silly addNameRange   [ '0.1.0',
102 silly addNameRange     '0.1.1',
102 silly addNameRange     '0.1.2',
102 silly addNameRange     '0.1.3',
102 silly addNameRange     '0.1.4',
102 silly addNameRange     '0.1.5',
102 silly addNameRange     '0.1.6',
102 silly addNameRange     '0.1.7',
102 silly addNameRange     '0.1.8',
102 silly addNameRange     '0.1.9',
102 silly addNameRange     '0.1.10',
102 silly addNameRange     '0.1.11',
102 silly addNameRange     '0.1.12',
102 silly addNameRange     '0.1.13',
102 silly addNameRange     '0.1.14',
102 silly addNameRange     '0.1.15',
102 silly addNameRange     '0.1.16',
102 silly addNameRange     '0.1.17',
102 silly addNameRange     '0.1.18',
102 silly addNameRange     '0.1.19',
102 silly addNameRange     '0.1.20',
102 silly addNameRange     '0.1.21',
102 silly addNameRange     '0.1.22',
102 silly addNameRange     '0.2.0',
102 silly addNameRange     '0.2.1',
102 silly addNameRange     '0.2.2',
102 silly addNameRange     '0.2.3',
102 silly addNameRange     '0.2.4',
102 silly addNameRange     '0.2.5',
102 silly addNameRange     '0.2.6',
102 silly addNameRange     '0.2.7',
102 silly addNameRange     '0.2.8',
102 silly addNameRange     '0.2.9',
102 silly addNameRange     '0.2.10',
102 silly addNameRange     '0.3.0',
102 silly addNameRange     '0.4.0',
102 silly addNameRange     '0.4.1',
102 silly addNameRange     '0.5.0',
102 silly addNameRange     '0.6.0',
102 silly addNameRange     '0.6.1',
102 silly addNameRange     '0.6.2',
102 silly addNameRange     '0.7.0',
102 silly addNameRange     '0.8.0',
102 silly addNameRange     '0.9.0',
102 silly addNameRange     '0.9.2',
102 silly addNameRange     '1.0.0',
102 silly addNameRange     '1.1.0',
102 silly addNameRange     '1.2.0',
102 silly addNameRange     '1.1.1',
102 silly addNameRange     '1.2.1',
102 silly addNameRange     '1.3.0',
102 silly addNameRange     '1.4.0',
102 silly addNameRange     '1.4.1',
102 silly addNameRange     '1.4.2',
102 silly addNameRange     '1.5.0',
102 silly addNameRange     '1.5.1',
102 silly addNameRange     '1.5.2',
102 silly addNameRange     '2.0.0-alpha.0',
102 silly addNameRange     '2.0.0-rc.1',
102 silly addNameRange     '2.0.0-rc.2',
102 silly addNameRange     '2.0.0-rc.3',
102 silly addNameRange     '2.0.0-rc.4' ] ]
103 silly addNamed async@1.5.2
104 verbose addNamed "1.5.2" is a plain semver version for async
105 silly cache afterAdd async@1.5.2
106 verbose afterAdd C:\Users\loset\AppData\Roaming\npm-cache\async\1.5.2\package\package.json not in flight; writing
107 verbose correctMkdir C:\Users\loset\AppData\Roaming\npm-cache correctMkdir not in flight; initializing
108 verbose afterAdd C:\Users\loset\AppData\Roaming\npm-cache\async\1.5.2\package\package.json written
109 http 304 https://registry.npmjs.org/bignum
110 verbose headers { date: 'Sat, 14 May 2016 03:08:38 GMT',
110 verbose headers   via: '1.1 varnish',
110 verbose headers   'cache-control': 'max-age=300',
110 verbose headers   etag: '"DX4HG4GU9CY5UVROAN42M4TBA"',
110 verbose headers   age: '197',
110 verbose headers   connection: 'keep-alive',
110 verbose headers   'x-served-by': 'cache-iad2128-IAD',
110 verbose headers   'x-cache': 'HIT',
110 verbose headers   'x-cache-hits': '1',
110 verbose headers   'x-timer': 'S1463195318.559747,VS0,VE0',
110 verbose headers   vary: 'Accept-Encoding' }
111 silly get cb [ 304,
111 silly get   { date: 'Sat, 14 May 2016 03:08:38 GMT',
111 silly get     via: '1.1 varnish',
111 silly get     'cache-control': 'max-age=300',
111 silly get     etag: '"DX4HG4GU9CY5UVROAN42M4TBA"',
111 silly get     age: '197',
111 silly get     connection: 'keep-alive',
111 silly get     'x-served-by': 'cache-iad2128-IAD',
111 silly get     'x-cache': 'HIT',
111 silly get     'x-cache-hits': '1',
111 silly get     'x-timer': 'S1463195318.559747,VS0,VE0',
111 silly get     vary: 'Accept-Encoding' } ]
112 verbose etag https://registry.npmjs.org/bignum from cache
113 verbose get saving bignum to C:\Users\loset\AppData\Roaming\npm-cache\registry.npmjs.org\bignum\.cache.json
114 verbose correctMkdir C:\Users\loset\AppData\Roaming\npm-cache correctMkdir not in flight; initializing
115 silly resolveWithNewModule bignum@0.11.0 checking installable status
116 silly cache add args [ 'bignum@^0.11.0', null ]
117 verbose cache add spec bignum@^0.11.0
118 silly cache add parsed spec Result {
118 silly cache add   raw: 'bignum@^0.11.0',
118 silly cache add   scope: null,
118 silly cache add   name: 'bignum',
118 silly cache add   rawSpec: '^0.11.0',
118 silly cache add   spec: '>=0.11.0 <0.12.0',
118 silly cache add   type: 'range' }
119 silly addNamed bignum@>=0.11.0 <0.12.0
120 verbose addNamed ">=0.11.0 <0.12.0" is a valid semver range for bignum
121 silly addNameRange { name: 'bignum', range: '>=0.11.0 <0.12.0', hasData: false }
122 silly mapToRegistry name bignum
123 silly mapToRegistry using default registry
124 silly mapToRegistry registry https://registry.npmjs.org/
125 silly mapToRegistry data Result {
125 silly mapToRegistry   raw: 'bignum',
125 silly mapToRegistry   scope: null,
125 silly mapToRegistry   name: 'bignum',
125 silly mapToRegistry   rawSpec: '',
125 silly mapToRegistry   spec: 'latest',
125 silly mapToRegistry   type: 'tag' }
126 silly mapToRegistry uri https://registry.npmjs.org/bignum
127 verbose addNameRange registry:https://registry.npmjs.org/bignum not in flight; fetching
128 verbose get https://registry.npmjs.org/bignum not expired, no request
129 silly addNameRange number 2 { name: 'bignum', range: '>=0.11.0 <0.12.0', hasData: true }
130 silly addNameRange versions [ 'bignum',
130 silly addNameRange   [ '0.4.0',
130 silly addNameRange     '0.4.1',
130 silly addNameRange     '0.5.0',
130 silly addNameRange     '0.5.1',
130 silly addNameRange     '0.5.2',
130 silly addNameRange     '0.5.3',
130 silly addNameRange     '0.5.4',
130 silly addNameRange     '0.6.0',
130 silly addNameRange     '0.6.1',
130 silly addNameRange     '0.6.2',
130 silly addNameRange     '0.7.0',
130 silly addNameRange     '0.8.0',
130 silly addNameRange     '0.9.0',
130 silly addNameRange     '0.9.1',
130 silly addNameRange     '0.9.2',
130 silly addNameRange     '0.9.3',
130 silly addNameRange     '0.10.0',
130 silly addNameRange     '0.10.1',
130 silly addNameRange     '0.10.2',
130 silly addNameRange     '0.11.0' ] ]
131 silly addNamed bignum@0.11.0
132 verbose addNamed "0.11.0" is a plain semver version for bignum
133 silly cache afterAdd bignum@0.11.0
134 verbose afterAdd C:\Users\loset\AppData\Roaming\npm-cache\bignum\0.11.0\package\package.json not in flight; writing
135 verbose correctMkdir C:\Users\loset\AppData\Roaming\npm-cache correctMkdir not in flight; initializing
136 verbose afterAdd C:\Users\loset\AppData\Roaming\npm-cache\bignum\0.11.0\package\package.json written
137 silly fetchNamedPackageData nan
138 silly mapToRegistry name nan
139 silly mapToRegistry using default registry
140 silly mapToRegistry registry https://registry.npmjs.org/
141 silly mapToRegistry data Result {
141 silly mapToRegistry   raw: 'nan',
141 silly mapToRegistry   scope: null,
141 silly mapToRegistry   name: 'nan',
141 silly mapToRegistry   rawSpec: '',
141 silly mapToRegistry   spec: 'latest',
141 silly mapToRegistry   type: 'tag' }
142 silly mapToRegistry uri https://registry.npmjs.org/nan
143 verbose request uri https://registry.npmjs.org/nan
144 verbose request no auth needed
145 info attempt registry request try #1 at 11:08:35 PM
146 verbose etag "24B26O57Z0ASCDVIYEYKA8KVW"
147 http request GET https://registry.npmjs.org/nan
148 http 304 https://registry.npmjs.org/nan
149 verbose headers { date: 'Sat, 14 May 2016 03:08:38 GMT',
149 verbose headers   via: '1.1 varnish',
149 verbose headers   'cache-control': 'max-age=300',
149 verbose headers   etag: '"24B26O57Z0ASCDVIYEYKA8KVW"',
149 verbose headers   age: '156',
149 verbose headers   connection: 'keep-alive',
149 verbose headers   'x-served-by': 'cache-iad2140-IAD',
149 verbose headers   'x-cache': 'HIT',
149 verbose headers   'x-cache-hits': '5',
149 verbose headers   'x-timer': 'S1463195318.690429,VS0,VE0',
149 verbose headers   vary: 'Accept-Encoding' }
150 silly get cb [ 304,
150 silly get   { date: 'Sat, 14 May 2016 03:08:38 GMT',
150 silly get     via: '1.1 varnish',
150 silly get     'cache-control': 'max-age=300',
150 silly get     etag: '"24B26O57Z0ASCDVIYEYKA8KVW"',
150 silly get     age: '156',
150 silly get     connection: 'keep-alive',
150 silly get     'x-served-by': 'cache-iad2140-IAD',
150 silly get     'x-cache': 'HIT',
150 silly get     'x-cache-hits': '5',
150 silly get     'x-timer': 'S1463195318.690429,VS0,VE0',
150 silly get     vary: 'Accept-Encoding' } ]
151 verbose etag https://registry.npmjs.org/nan from cache
152 verbose get saving nan to C:\Users\loset\AppData\Roaming\npm-cache\registry.npmjs.org\nan\.cache.json
153 verbose correctMkdir C:\Users\loset\AppData\Roaming\npm-cache correctMkdir not in flight; initializing
154 silly resolveWithNewModule nan@2.3.3 checking installable status
155 silly cache add args [ 'nan@^2.0.0', null ]
156 verbose cache add spec nan@^2.0.0
157 silly cache add parsed spec Result {
157 silly cache add   raw: 'nan@^2.0.0',
157 silly cache add   scope: null,
157 silly cache add   name: 'nan',
157 silly cache add   rawSpec: '^2.0.0',
157 silly cache add   spec: '>=2.0.0 <3.0.0',
157 silly cache add   type: 'range' }
158 silly addNamed nan@>=2.0.0 <3.0.0
159 verbose addNamed ">=2.0.0 <3.0.0" is a valid semver range for nan
160 silly addNameRange { name: 'nan', range: '>=2.0.0 <3.0.0', hasData: false }
161 silly mapToRegistry name nan
162 silly mapToRegistry using default registry
163 silly mapToRegistry registry https://registry.npmjs.org/
164 silly mapToRegistry data Result {
164 silly mapToRegistry   raw: 'nan',
164 silly mapToRegistry   scope: null,
164 silly mapToRegistry   name: 'nan',
164 silly mapToRegistry   rawSpec: '',
164 silly mapToRegistry   spec: 'latest',
164 silly mapToRegistry   type: 'tag' }
165 silly mapToRegistry uri https://registry.npmjs.org/nan
166 verbose addNameRange registry:https://registry.npmjs.org/nan not in flight; fetching
167 verbose get https://registry.npmjs.org/nan not expired, no request
168 silly addNameRange number 2 { name: 'nan', range: '>=2.0.0 <3.0.0', hasData: true }
169 silly addNameRange versions [ 'nan',
169 silly addNameRange   [ '0.3.0-wip',
169 silly addNameRange     '0.3.0-wip2',
169 silly addNameRange     '0.3.0',
169 silly addNameRange     '0.3.1',
169 silly addNameRange     '0.3.2',
169 silly addNameRange     '0.4.0',
169 silly addNameRange     '0.4.1',
169 silly addNameRange     '0.4.2',
169 silly addNameRange     '0.4.3',
169 silly addNameRange     '0.4.4',
169 silly addNameRange     '0.5.0',
169 silly addNameRange     '0.5.1',
169 silly addNameRange     '0.5.2',
169 silly addNameRange     '0.6.0',
169 silly addNameRange     '0.7.0',
169 silly addNameRange     '0.7.1',
169 silly addNameRange     '0.8.0',
169 silly addNameRange     '1.0.0',
169 silly addNameRange     '1.1.0',
169 silly addNameRange     '1.1.1',
169 silly addNameRange     '1.1.2',
169 silly addNameRange     '1.2.0',
169 silly addNameRange     '1.3.0',
169 silly addNameRange     '1.4.0',
169 silly addNameRange     '1.4.1',
169 silly addNameRange     '1.5.0',
169 silly addNameRange     '1.4.2',
169 silly addNameRange     '1.4.3',
169 silly addNameRange     '1.5.1',
169 silly addNameRange     '1.5.2',
169 silly addNameRange     '1.6.0',
169 silly addNameRange     '1.5.3',
169 silly addNameRange     '1.6.1',
169 silly addNameRange     '1.6.2',
169 silly addNameRange     '1.7.0',
169 silly addNameRange     '1.8.0',
169 silly addNameRange     '1.8.1',
169 silly addNameRange     '1.8.2',
169 silly addNameRange     '1.8.3',
169 silly addNameRange     '1.8.4',
169 silly addNameRange     '1.9.0',
169 silly addNameRange     '2.0.0',
169 silly addNameRange     '2.0.1',
169 silly addNameRange     '2.0.2',
169 silly addNameRange     '2.0.3',
169 silly addNameRange     '2.0.4',
169 silly addNameRange     '2.0.5',
169 silly addNameRange     '2.0.6',
169 silly addNameRange     '2.0.7',
169 silly addNameRange     '2.0.8',
169 silly addNameRange     '2.0.9',
169 silly addNameRange     '2.1.0',
169 silly addNameRange     '2.2.0',
169 silly addNameRange     '2.2.1',
169 silly addNameRange     '2.3.0',
169 silly addNameRange     '2.3.1',
169 silly addNameRange     '2.3.2',
169 silly addNameRange     '2.3.3' ] ]
170 silly addNamed nan@2.3.3
171 verbose addNamed "2.3.3" is a plain semver version for nan
172 silly cache afterAdd nan@2.3.3
173 verbose afterAdd C:\Users\loset\AppData\Roaming\npm-cache\nan\2.3.3\package\package.json not in flight; writing
174 verbose correctMkdir C:\Users\loset\AppData\Roaming\npm-cache correctMkdir not in flight; initializing
175 verbose afterAdd C:\Users\loset\AppData\Roaming\npm-cache\nan\2.3.3\package\package.json written
176 silly loadAllDepsIntoIdealTree Finishing
177 silly idealTree:prePrune deploy-this-now@1.0.0
177 silly idealTree:prePrune +-- accepts@1.2.13
177 silly idealTree:prePrune +-- acorn@1.2.2
177 silly idealTree:prePrune +-- angular-animate@1.5.5
177 silly idealTree:prePrune +-- ansi-regex@2.0.0
177 silly idealTree:prePrune +-- ansi-styles@2.2.1
177 silly idealTree:prePrune +-- array-find-index@1.0.1
177 silly idealTree:prePrune +-- array-flatten@1.1.1
177 silly idealTree:prePrune +-- asn1@0.2.3
177 silly idealTree:prePrune +-- assert-plus@0.2.0
177 silly idealTree:prePrune +-- ast-types@0.8.16
177 silly idealTree:prePrune +-- async@0.2.10
177 silly idealTree:prePrune +-- aws-sign2@0.6.0
177 silly idealTree:prePrune +-- aws4@1.3.2
177 silly idealTree:prePrune +-- bignum@0.11.0
177 silly idealTree:prePrune +-- bindings@1.2.1
177 silly idealTree:prePrune +-- bl@1.1.2
177 silly idealTree:prePrune | +-- isarray@1.0.0
177 silly idealTree:prePrune | `-- readable-stream@2.0.6
177 silly idealTree:prePrune +-- bluebird@2.10.2
177 silly idealTree:prePrune +-- body-parser@1.15.0
177 silly idealTree:prePrune +-- boom@2.10.1
177 silly idealTree:prePrune +-- bower@1.7.9
177 silly idealTree:prePrune +-- bson@0.4.23
177 silly idealTree:prePrune +-- builtin-modules@1.1.1
177 silly idealTree:prePrune +-- bytes@2.2.0
177 silly idealTree:prePrune +-- camelcase-keys@2.1.0
177 silly idealTree:prePrune +-- camelcase@2.1.1
177 silly idealTree:prePrune +-- caseless@0.11.0
177 silly idealTree:prePrune +-- chalk@1.1.3
177 silly idealTree:prePrune +-- colors@1.1.2
177 silly idealTree:prePrune +-- combined-stream@1.0.5
177 silly idealTree:prePrune +-- commander@2.9.0
177 silly idealTree:prePrune +-- content-disposition@0.5.1
177 silly idealTree:prePrune +-- content-type@1.0.1
177 silly idealTree:prePrune +-- cookie-signature@1.0.6
177 silly idealTree:prePrune +-- cookie@0.1.5
177 silly idealTree:prePrune +-- core-util-is@1.0.2
177 silly idealTree:prePrune +-- cryptiles@2.0.5
177 silly idealTree:prePrune +-- cssom@0.3.1
177 silly idealTree:prePrune +-- cssstyle@0.2.34
177 silly idealTree:prePrune +-- dashdash@1.13.1
177 silly idealTree:prePrune | `-- assert-plus@1.0.0
177 silly idealTree:prePrune +-- debug@2.2.0
177 silly idealTree:prePrune +-- decamelize@1.2.0
177 silly idealTree:prePrune +-- deep-extend@0.3.3
177 silly idealTree:prePrune +-- delayed-stream@1.0.0
177 silly idealTree:prePrune +-- depd@1.1.0
177 silly idealTree:prePrune +-- destroy@1.0.4
177 silly idealTree:prePrune +-- dom-serializer@0.1.0
177 silly idealTree:prePrune | `-- domelementtype@1.1.3
177 silly idealTree:prePrune +-- domelementtype@1.3.0
177 silly idealTree:prePrune +-- domhandler@2.3.0
177 silly idealTree:prePrune +-- domutils@1.5.1
177 silly idealTree:prePrune +-- ecc-jsbn@0.0.1
177 silly idealTree:prePrune | `-- jsbn@0.0.0
177 silly idealTree:prePrune +-- ee-first@1.1.1
177 silly idealTree:prePrune +-- entities@1.1.1
177 silly idealTree:prePrune +-- enum@2.3.0
177 silly idealTree:prePrune +-- error-ex@1.3.0
177 silly idealTree:prePrune +-- es6-promise@3.0.2
177 silly idealTree:prePrune +-- escape-html@1.0.3
177 silly idealTree:prePrune +-- escape-string-regexp@1.0.5
177 silly idealTree:prePrune +-- esmangle-evaluator@1.0.0
177 silly idealTree:prePrune +-- esprima@2.7.2
177 silly idealTree:prePrune +-- etag@1.7.0
177 silly idealTree:prePrune +-- express@4.13.4
177 silly idealTree:prePrune | `-- qs@4.0.0
177 silly idealTree:prePrune +-- extend@3.0.0
177 silly idealTree:prePrune +-- extsprintf@1.0.2
177 silly idealTree:prePrune +-- falafel@1.2.0
177 silly idealTree:prePrune +-- file-type@2.12.0
177 silly idealTree:prePrune +-- finalhandler@0.4.1
177 silly idealTree:prePrune +-- find-up@1.1.2
177 silly idealTree:prePrune +-- foreach@2.0.5
177 silly idealTree:prePrune +-- forever-agent@0.6.1
177 silly idealTree:prePrune +-- form-data@1.0.0-rc4
177 silly idealTree:prePrune | `-- async@1.5.2
177 silly idealTree:prePrune +-- forwarded@0.1.0
177 silly idealTree:prePrune +-- fresh@0.3.0
177 silly idealTree:prePrune +-- fs@0.0.2
177 silly idealTree:prePrune +-- fwk@1.0.11
177 silly idealTree:prePrune +-- generate-function@2.0.0
177 silly idealTree:prePrune +-- generate-object-property@1.2.0
177 silly idealTree:prePrune +-- get-stdin@4.0.1
177 silly idealTree:prePrune +-- getpass@0.1.5
177 silly idealTree:prePrune | `-- assert-plus@1.0.0
177 silly idealTree:prePrune +-- graceful-fs@4.1.4
177 silly idealTree:prePrune +-- graceful-readlink@1.0.1
177 silly idealTree:prePrune +-- har-validator@2.0.6
177 silly idealTree:prePrune +-- has-ansi@2.0.0
177 silly idealTree:prePrune +-- hawk@3.1.3
177 silly idealTree:prePrune +-- hoek@2.16.3
177 silly idealTree:prePrune +-- hooks-fixed@1.1.0
177 silly idealTree:prePrune +-- hosted-git-info@2.1.4
177 silly idealTree:prePrune +-- htmlparser2@3.9.0
177 silly idealTree:prePrune | +-- isarray@1.0.0
177 silly idealTree:prePrune | `-- readable-stream@2.1.0
177 silly idealTree:prePrune +-- http-errors@1.4.0
177 silly idealTree:prePrune +-- http-signature@1.1.1
177 silly idealTree:prePrune +-- iconv-lite@0.4.13
177 silly idealTree:prePrune +-- indent-string@2.1.0
177 silly idealTree:prePrune +-- inherits@2.0.1
177 silly idealTree:prePrune +-- inline-process-browser@2.0.1
177 silly idealTree:prePrune +-- instagram-node@0.5.8
177 silly idealTree:prePrune | `-- colors@0.6.0-1
177 silly idealTree:prePrune +-- ipaddr.js@1.0.5
177 silly idealTree:prePrune +-- is-arrayish@0.2.1
177 silly idealTree:prePrune +-- is-builtin-module@1.0.0
177 silly idealTree:prePrune +-- is-finite@1.0.1
177 silly idealTree:prePrune +-- is-my-json-valid@2.13.1
177 silly idealTree:prePrune +-- is-property@1.0.2
177 silly idealTree:prePrune +-- is-typedarray@1.0.0
177 silly idealTree:prePrune +-- is-utf8@0.2.1
177 silly idealTree:prePrune +-- isarray@0.0.1
177 silly idealTree:prePrune +-- isstream@0.1.2
177 silly idealTree:prePrune +-- jodid25519@1.0.2
177 silly idealTree:prePrune +-- jsbn@0.1.0
177 silly idealTree:prePrune +-- json-schema@0.2.2
177 silly idealTree:prePrune +-- json-stringify-safe@5.0.1
177 silly idealTree:prePrune +-- jsonpointer@2.0.0
177 silly idealTree:prePrune +-- jsprim@1.2.2
177 silly idealTree:prePrune +-- jszip@2.6.0
177 silly idealTree:prePrune +-- kareem@1.0.1
177 silly idealTree:prePrune +-- load-json-file@1.1.0
177 silly idealTree:prePrune +-- lodash@4.11.1
177 silly idealTree:prePrune +-- loud-rejection@1.3.0
177 silly idealTree:prePrune +-- lru-cache@4.0.1
177 silly idealTree:prePrune +-- map-obj@1.0.1
177 silly idealTree:prePrune +-- media-typer@0.3.0
177 silly idealTree:prePrune +-- meow@3.7.0
177 silly idealTree:prePrune +-- merge-descriptors@1.0.1
177 silly idealTree:prePrune +-- methods@1.1.2
177 silly idealTree:prePrune +-- mime-db@1.22.0
177 silly idealTree:prePrune +-- mime-types@2.1.10
177 silly idealTree:prePrune +-- mime@1.3.4
177 silly idealTree:prePrune +-- minimist@1.2.0
177 silly idealTree:prePrune +-- mongodb-core@1.3.16
177 silly idealTree:prePrune +-- mongodb@2.1.16
177 silly idealTree:prePrune +-- mongoose@4.4.13
177 silly idealTree:prePrune | `-- async@1.5.2
177 silly idealTree:prePrune +-- mpath@0.2.1
177 silly idealTree:prePrune +-- mpromise@0.5.5
177 silly idealTree:prePrune +-- mquery@1.10.0
177 silly idealTree:prePrune | `-- sliced@0.0.5
177 silly idealTree:prePrune +-- ms@0.7.1
177 silly idealTree:prePrune +-- muri@1.1.0
177 silly idealTree:prePrune +-- nan@2.3.3
177 silly idealTree:prePrune +-- negotiator@0.5.3
177 silly idealTree:prePrune +-- node-rest-client@1.8.0
177 silly idealTree:prePrune +-- node-rsa@0.2.30
177 silly idealTree:prePrune | `-- lodash@3.3.0
177 silly idealTree:prePrune +-- node-uuid@1.4.7
177 silly idealTree:prePrune +-- normalize-package-data@2.3.5
177 silly idealTree:prePrune +-- number-is-nan@1.0.0
177 silly idealTree:prePrune +-- nwmatcher@1.3.7
177 silly idealTree:prePrune +-- oauth-sign@0.8.1
177 silly idealTree:prePrune +-- object-assign@4.1.0
177 silly idealTree:prePrune +-- object-keys@1.0.9
177 silly idealTree:prePrune +-- on-finished@2.3.0
177 silly idealTree:prePrune +-- pako@1.0.1
177 silly idealTree:prePrune +-- parse-json@2.2.0
177 silly idealTree:prePrune +-- parseurl@1.3.1
177 silly idealTree:prePrune +-- path-exists@2.1.0
177 silly idealTree:prePrune +-- path-to-regexp@0.1.7
177 silly idealTree:prePrune +-- path-type@1.1.0
177 silly idealTree:prePrune +-- phone@1.0.6
177 silly idealTree:prePrune +-- pify@2.3.0
177 silly idealTree:prePrune +-- pinkie-promise@2.0.1
177 silly idealTree:prePrune +-- pinkie@2.0.4
177 silly idealTree:prePrune +-- private@0.1.6
177 silly idealTree:prePrune +-- process-nextick-args@1.0.6
177 silly idealTree:prePrune +-- proxy-addr@1.0.10
177 silly idealTree:prePrune +-- pseudomap@1.0.2
177 silly idealTree:prePrune +-- qs@6.1.0
177 silly idealTree:prePrune +-- range-parser@1.0.3
177 silly idealTree:prePrune +-- raw-body@2.1.6
177 silly idealTree:prePrune | `-- bytes@2.3.0
177 silly idealTree:prePrune +-- read-chunk@1.0.1
177 silly idealTree:prePrune +-- read-pkg-up@1.0.1
177 silly idealTree:prePrune +-- read-pkg@1.1.0
177 silly idealTree:prePrune +-- readable-stream@1.0.31
177 silly idealTree:prePrune +-- recast@0.11.5
177 silly idealTree:prePrune +-- redent@1.0.0
177 silly idealTree:prePrune +-- regexp-clone@0.0.1
177 silly idealTree:prePrune +-- repeating@2.0.1
177 silly idealTree:prePrune +-- request@2.72.0
177 silly idealTree:prePrune +-- require_optional@1.0.0
177 silly idealTree:prePrune +-- resolve-from@2.0.0
177 silly idealTree:prePrune +-- sax@1.2.1
177 silly idealTree:prePrune +-- semver@5.1.0
177 silly idealTree:prePrune +-- send@0.13.1
177 silly idealTree:prePrune | `-- http-errors@1.3.1
177 silly idealTree:prePrune +-- serve-static@1.10.2
177 silly idealTree:prePrune +-- should@0.6.3
177 silly idealTree:prePrune +-- signal-exit@2.1.2
177 silly idealTree:prePrune +-- sliced@1.0.1
177 silly idealTree:prePrune +-- snapchat@2.0.2
177 silly idealTree:prePrune | `-- async@1.5.2
177 silly idealTree:prePrune +-- sntp@1.0.9
177 silly idealTree:prePrune +-- source-map@0.5.4
177 silly idealTree:prePrune +-- spdx-correct@1.0.2
177 silly idealTree:prePrune +-- spdx-exceptions@1.0.4
177 silly idealTree:prePrune +-- spdx-expression-parse@1.0.2
177 silly idealTree:prePrune +-- spdx-license-ids@1.2.1
177 silly idealTree:prePrune +-- sshpk@1.8.1
177 silly idealTree:prePrune | `-- assert-plus@1.0.0
177 silly idealTree:prePrune +-- statuses@1.2.1
177 silly idealTree:prePrune +-- string_decoder@0.10.31
177 silly idealTree:prePrune +-- stringstream@0.0.5
177 silly idealTree:prePrune +-- strip-ansi@3.0.1
177 silly idealTree:prePrune +-- strip-bom@2.0.0
177 silly idealTree:prePrune +-- strip-indent@1.0.1
177 silly idealTree:prePrune +-- supports-color@2.0.0
177 silly idealTree:prePrune +-- through2@0.6.5
177 silly idealTree:prePrune | `-- readable-stream@1.0.34
177 silly idealTree:prePrune +-- tough-cookie@2.2.2
177 silly idealTree:prePrune +-- trim-newlines@1.0.0
177 silly idealTree:prePrune +-- tunnel-agent@0.4.2
177 silly idealTree:prePrune +-- tweetnacl@0.13.3
177 silly idealTree:prePrune +-- twitter@1.2.5
177 silly idealTree:prePrune +-- type-is@1.6.12
177 silly idealTree:prePrune +-- unpipe@1.0.0
177 silly idealTree:prePrune +-- unreachable-branch-transform@0.5.1
177 silly idealTree:prePrune +-- url-join@0.0.1
177 silly idealTree:prePrune +-- ursa@0.8.5
177 silly idealTree:prePrune | `-- nan@1.9.0
177 silly idealTree:prePrune +-- util-deprecate@1.0.2
177 silly idealTree:prePrune +-- utils-merge@1.0.0
177 silly idealTree:prePrune +-- validate-npm-package-license@3.0.1
177 silly idealTree:prePrune +-- vary@1.0.1
177 silly idealTree:prePrune +-- verror@1.3.6
177 silly idealTree:prePrune +-- xml2js@0.4.16
177 silly idealTree:prePrune +-- xmlbuilder@4.2.1
177 silly idealTree:prePrune +-- xmlhttprequest@1.8.0
177 silly idealTree:prePrune +-- xtend@4.0.1
177 silly idealTree:prePrune `-- yallist@2.0.0
178 silly loadIdealTree Finishing
179 silly currentTree deploy-this-now@1.0.0
179 silly currentTree +-- accepts@1.2.13
179 silly currentTree +-- acorn@1.2.2
179 silly currentTree +-- angular-animate@1.5.5
179 silly currentTree +-- ansi-regex@2.0.0
179 silly currentTree +-- ansi-styles@2.2.1
179 silly currentTree +-- array-find-index@1.0.1
179 silly currentTree +-- array-flatten@1.1.1
179 silly currentTree +-- asn1@0.2.3
179 silly currentTree +-- assert-plus@0.2.0
179 silly currentTree +-- ast-types@0.8.16
179 silly currentTree +-- async@0.2.10
179 silly currentTree +-- aws-sign2@0.6.0
179 silly currentTree +-- aws4@1.3.2
179 silly currentTree +-- bindings@1.2.1
179 silly currentTree +-- bl@1.1.2
179 silly currentTree | +-- isarray@1.0.0
179 silly currentTree | `-- readable-stream@2.0.6
179 silly currentTree +-- bluebird@2.10.2
179 silly currentTree +-- body-parser@1.15.0
179 silly currentTree +-- boom@2.10.1
179 silly currentTree +-- bower@1.7.9
179 silly currentTree +-- bson@0.4.23
179 silly currentTree +-- builtin-modules@1.1.1
179 silly currentTree +-- bytes@2.2.0
179 silly currentTree +-- camelcase-keys@2.1.0
179 silly currentTree +-- camelcase@2.1.1
179 silly currentTree +-- caseless@0.11.0
179 silly currentTree +-- chalk@1.1.3
179 silly currentTree +-- colors@1.1.2
179 silly currentTree +-- combined-stream@1.0.5
179 silly currentTree +-- commander@2.9.0
179 silly currentTree +-- content-disposition@0.5.1
179 silly currentTree +-- content-type@1.0.1
179 silly currentTree +-- cookie-signature@1.0.6
179 silly currentTree +-- cookie@0.1.5
179 silly currentTree +-- core-util-is@1.0.2
179 silly currentTree +-- cryptiles@2.0.5
179 silly currentTree +-- cssom@0.3.1
179 silly currentTree +-- cssstyle@0.2.34
179 silly currentTree +-- dashdash@1.13.1
179 silly currentTree | `-- assert-plus@1.0.0
179 silly currentTree +-- debug@2.2.0
179 silly currentTree +-- decamelize@1.2.0
179 silly currentTree +-- deep-extend@0.3.3
179 silly currentTree +-- delayed-stream@1.0.0
179 silly currentTree +-- depd@1.1.0
179 silly currentTree +-- destroy@1.0.4
179 silly currentTree +-- dom-serializer@0.1.0
179 silly currentTree | `-- domelementtype@1.1.3
179 silly currentTree +-- domelementtype@1.3.0
179 silly currentTree +-- domhandler@2.3.0
179 silly currentTree +-- domutils@1.5.1
179 silly currentTree +-- ecc-jsbn@0.0.1
179 silly currentTree | `-- jsbn@0.0.0
179 silly currentTree +-- ee-first@1.1.1
179 silly currentTree +-- entities@1.1.1
179 silly currentTree +-- enum@2.3.0
179 silly currentTree +-- error-ex@1.3.0
179 silly currentTree +-- es6-promise@3.0.2
179 silly currentTree +-- escape-html@1.0.3
179 silly currentTree +-- escape-string-regexp@1.0.5
179 silly currentTree +-- esmangle-evaluator@1.0.0
179 silly currentTree +-- esprima@2.7.2
179 silly currentTree +-- etag@1.7.0
179 silly currentTree +-- express@4.13.4
179 silly currentTree | `-- qs@4.0.0
179 silly currentTree +-- extend@3.0.0
179 silly currentTree +-- extsprintf@1.0.2
179 silly currentTree +-- falafel@1.2.0
179 silly currentTree +-- file-type@2.12.0
179 silly currentTree +-- finalhandler@0.4.1
179 silly currentTree +-- find-up@1.1.2
179 silly currentTree +-- foreach@2.0.5
179 silly currentTree +-- forever-agent@0.6.1
179 silly currentTree +-- form-data@1.0.0-rc4
179 silly currentTree | `-- async@1.5.2
179 silly currentTree +-- forwarded@0.1.0
179 silly currentTree +-- fresh@0.3.0
179 silly currentTree +-- fs@0.0.2
179 silly currentTree +-- fwk@1.0.11
179 silly currentTree +-- generate-function@2.0.0
179 silly currentTree +-- generate-object-property@1.2.0
179 silly currentTree +-- get-stdin@4.0.1
179 silly currentTree +-- getpass@0.1.5
179 silly currentTree | `-- assert-plus@1.0.0
179 silly currentTree +-- graceful-fs@4.1.4
179 silly currentTree +-- graceful-readlink@1.0.1
179 silly currentTree +-- har-validator@2.0.6
179 silly currentTree +-- has-ansi@2.0.0
179 silly currentTree +-- hawk@3.1.3
179 silly currentTree +-- hoek@2.16.3
179 silly currentTree +-- hooks-fixed@1.1.0
179 silly currentTree +-- hosted-git-info@2.1.4
179 silly currentTree +-- htmlparser2@3.9.0
179 silly currentTree | +-- isarray@1.0.0
179 silly currentTree | `-- readable-stream@2.1.0
179 silly currentTree +-- http-errors@1.4.0
179 silly currentTree +-- http-signature@1.1.1
179 silly currentTree +-- iconv-lite@0.4.13
179 silly currentTree +-- indent-string@2.1.0
179 silly currentTree +-- inherits@2.0.1
179 silly currentTree +-- inline-process-browser@2.0.1
179 silly currentTree +-- instagram-node@0.5.8
179 silly currentTree | `-- colors@0.6.0-1
179 silly currentTree +-- ipaddr.js@1.0.5
179 silly currentTree +-- is-arrayish@0.2.1
179 silly currentTree +-- is-builtin-module@1.0.0
179 silly currentTree +-- is-finite@1.0.1
179 silly currentTree +-- is-my-json-valid@2.13.1
179 silly currentTree +-- is-property@1.0.2
179 silly currentTree +-- is-typedarray@1.0.0
179 silly currentTree +-- is-utf8@0.2.1
179 silly currentTree +-- isarray@0.0.1
179 silly currentTree +-- isstream@0.1.2
179 silly currentTree +-- jodid25519@1.0.2
179 silly currentTree +-- jsbn@0.1.0
179 silly currentTree +-- json-schema@0.2.2
179 silly currentTree +-- json-stringify-safe@5.0.1
179 silly currentTree +-- jsonpointer@2.0.0
179 silly currentTree +-- jsprim@1.2.2
179 silly currentTree +-- jszip@2.6.0
179 silly currentTree +-- kareem@1.0.1
179 silly currentTree +-- load-json-file@1.1.0
179 silly currentTree +-- lodash@4.11.1
179 silly currentTree +-- loud-rejection@1.3.0
179 silly currentTree +-- lru-cache@4.0.1
179 silly currentTree +-- map-obj@1.0.1
179 silly currentTree +-- media-typer@0.3.0
179 silly currentTree +-- meow@3.7.0
179 silly currentTree +-- merge-descriptors@1.0.1
179 silly currentTree +-- methods@1.1.2
179 silly currentTree +-- mime-db@1.22.0
179 silly currentTree +-- mime-types@2.1.10
179 silly currentTree +-- mime@1.3.4
179 silly currentTree +-- minimist@1.2.0
179 silly currentTree +-- mongodb-core@1.3.16
179 silly currentTree +-- mongodb@2.1.16
179 silly currentTree +-- mongoose@4.4.13
179 silly currentTree | `-- async@1.5.2
179 silly currentTree +-- mpath@0.2.1
179 silly currentTree +-- mpromise@0.5.5
179 silly currentTree +-- mquery@1.10.0
179 silly currentTree | `-- sliced@0.0.5
179 silly currentTree +-- ms@0.7.1
179 silly currentTree +-- muri@1.1.0
179 silly currentTree +-- negotiator@0.5.3
179 silly currentTree +-- node-rest-client@1.8.0
179 silly currentTree +-- node-rsa@0.2.30
179 silly currentTree | `-- lodash@3.3.0
179 silly currentTree +-- node-uuid@1.4.7
179 silly currentTree +-- normalize-package-data@2.3.5
179 silly currentTree +-- number-is-nan@1.0.0
179 silly currentTree +-- nwmatcher@1.3.7
179 silly currentTree +-- oauth-sign@0.8.1
179 silly currentTree +-- object-assign@4.1.0
179 silly currentTree +-- object-keys@1.0.9
179 silly currentTree +-- on-finished@2.3.0
179 silly currentTree +-- pako@1.0.1
179 silly currentTree +-- parse-json@2.2.0
179 silly currentTree +-- parseurl@1.3.1
179 silly currentTree +-- path-exists@2.1.0
179 silly currentTree +-- path-to-regexp@0.1.7
179 silly currentTree +-- path-type@1.1.0
179 silly currentTree +-- phone@1.0.6
179 silly currentTree +-- pify@2.3.0
179 silly currentTree +-- pinkie-promise@2.0.1
179 silly currentTree +-- pinkie@2.0.4
179 silly currentTree +-- private@0.1.6
179 silly currentTree +-- process-nextick-args@1.0.6
179 silly currentTree +-- proxy-addr@1.0.10
179 silly currentTree +-- pseudomap@1.0.2
179 silly currentTree +-- qs@6.1.0
179 silly currentTree +-- range-parser@1.0.3
179 silly currentTree +-- raw-body@2.1.6
179 silly currentTree | `-- bytes@2.3.0
179 silly currentTree +-- read-chunk@1.0.1
179 silly currentTree +-- read-pkg-up@1.0.1
179 silly currentTree +-- read-pkg@1.1.0
179 silly currentTree +-- readable-stream@1.0.31
179 silly currentTree +-- recast@0.11.5
179 silly currentTree +-- redent@1.0.0
179 silly currentTree +-- regexp-clone@0.0.1
179 silly currentTree +-- repeating@2.0.1
179 silly currentTree +-- request@2.72.0
179 silly currentTree +-- require_optional@1.0.0
179 silly currentTree +-- resolve-from@2.0.0
179 silly currentTree +-- sax@1.2.1
179 silly currentTree +-- semver@5.1.0
179 silly currentTree +-- send@0.13.1
179 silly currentTree | `-- http-errors@1.3.1
179 silly currentTree +-- serve-static@1.10.2
179 silly currentTree +-- should@0.6.3
179 silly currentTree +-- signal-exit@2.1.2
179 silly currentTree +-- sliced@1.0.1
179 silly currentTree +-- sntp@1.0.9
179 silly currentTree +-- source-map@0.5.4
179 silly currentTree +-- spdx-correct@1.0.2
179 silly currentTree +-- spdx-exceptions@1.0.4
179 silly currentTree +-- spdx-expression-parse@1.0.2
179 silly currentTree +-- spdx-license-ids@1.2.1
179 silly currentTree +-- sshpk@1.8.1
179 silly currentTree | `-- assert-plus@1.0.0
179 silly currentTree +-- statuses@1.2.1
179 silly currentTree +-- string_decoder@0.10.31
179 silly currentTree +-- stringstream@0.0.5
179 silly currentTree +-- strip-ansi@3.0.1
179 silly currentTree +-- strip-bom@2.0.0
179 silly currentTree +-- strip-indent@1.0.1
179 silly currentTree +-- supports-color@2.0.0
179 silly currentTree +-- through2@0.6.5
179 silly currentTree | `-- readable-stream@1.0.34
179 silly currentTree +-- tough-cookie@2.2.2
179 silly currentTree +-- trim-newlines@1.0.0
179 silly currentTree +-- tunnel-agent@0.4.2
179 silly currentTree +-- tweetnacl@0.13.3
179 silly currentTree +-- twitter@1.2.5
179 silly currentTree +-- type-is@1.6.12
179 silly currentTree +-- unpipe@1.0.0
179 silly currentTree +-- unreachable-branch-transform@0.5.1
179 silly currentTree +-- url-join@0.0.1
179 silly currentTree +-- ursa@0.8.5
179 silly currentTree | `-- nan@1.9.0
179 silly currentTree +-- util-deprecate@1.0.2
179 silly currentTree +-- utils-merge@1.0.0
179 silly currentTree +-- validate-npm-package-license@3.0.1
179 silly currentTree +-- vary@1.0.1
179 silly currentTree +-- verror@1.3.6
179 silly currentTree +-- xml2js@0.4.16
179 silly currentTree +-- xmlbuilder@4.2.1
179 silly currentTree +-- xmlhttprequest@1.8.0
179 silly currentTree +-- xtend@4.0.1
179 silly currentTree `-- yallist@2.0.0
180 silly idealTree deploy-this-now@1.0.0
180 silly idealTree +-- accepts@1.2.13
180 silly idealTree +-- acorn@1.2.2
180 silly idealTree +-- angular-animate@1.5.5
180 silly idealTree +-- ansi-regex@2.0.0
180 silly idealTree +-- ansi-styles@2.2.1
180 silly idealTree +-- array-find-index@1.0.1
180 silly idealTree +-- array-flatten@1.1.1
180 silly idealTree +-- asn1@0.2.3
180 silly idealTree +-- assert-plus@0.2.0
180 silly idealTree +-- ast-types@0.8.16
180 silly idealTree +-- async@0.2.10
180 silly idealTree +-- aws-sign2@0.6.0
180 silly idealTree +-- aws4@1.3.2
180 silly idealTree +-- bignum@0.11.0
180 silly idealTree +-- bindings@1.2.1
180 silly idealTree +-- bl@1.1.2
180 silly idealTree | +-- isarray@1.0.0
180 silly idealTree | `-- readable-stream@2.0.6
180 silly idealTree +-- bluebird@2.10.2
180 silly idealTree +-- body-parser@1.15.0
180 silly idealTree +-- boom@2.10.1
180 silly idealTree +-- bower@1.7.9
180 silly idealTree +-- bson@0.4.23
180 silly idealTree +-- builtin-modules@1.1.1
180 silly idealTree +-- bytes@2.2.0
180 silly idealTree +-- camelcase-keys@2.1.0
180 silly idealTree +-- camelcase@2.1.1
180 silly idealTree +-- caseless@0.11.0
180 silly idealTree +-- chalk@1.1.3
180 silly idealTree +-- colors@1.1.2
180 silly idealTree +-- combined-stream@1.0.5
180 silly idealTree +-- commander@2.9.0
180 silly idealTree +-- content-disposition@0.5.1
180 silly idealTree +-- content-type@1.0.1
180 silly idealTree +-- cookie-signature@1.0.6
180 silly idealTree +-- cookie@0.1.5
180 silly idealTree +-- core-util-is@1.0.2
180 silly idealTree +-- cryptiles@2.0.5
180 silly idealTree +-- cssom@0.3.1
180 silly idealTree +-- cssstyle@0.2.34
180 silly idealTree +-- dashdash@1.13.1
180 silly idealTree | `-- assert-plus@1.0.0
180 silly idealTree +-- debug@2.2.0
180 silly idealTree +-- decamelize@1.2.0
180 silly idealTree +-- deep-extend@0.3.3
180 silly idealTree +-- delayed-stream@1.0.0
180 silly idealTree +-- depd@1.1.0
180 silly idealTree +-- destroy@1.0.4
180 silly idealTree +-- dom-serializer@0.1.0
180 silly idealTree | `-- domelementtype@1.1.3
180 silly idealTree +-- domelementtype@1.3.0
180 silly idealTree +-- domhandler@2.3.0
180 silly idealTree +-- domutils@1.5.1
180 silly idealTree +-- ecc-jsbn@0.0.1
180 silly idealTree | `-- jsbn@0.0.0
180 silly idealTree +-- ee-first@1.1.1
180 silly idealTree +-- entities@1.1.1
180 silly idealTree +-- enum@2.3.0
180 silly idealTree +-- error-ex@1.3.0
180 silly idealTree +-- es6-promise@3.0.2
180 silly idealTree +-- escape-html@1.0.3
180 silly idealTree +-- escape-string-regexp@1.0.5
180 silly idealTree +-- esmangle-evaluator@1.0.0
180 silly idealTree +-- esprima@2.7.2
180 silly idealTree +-- etag@1.7.0
180 silly idealTree +-- express@4.13.4
180 silly idealTree | `-- qs@4.0.0
180 silly idealTree +-- extend@3.0.0
180 silly idealTree +-- extsprintf@1.0.2
180 silly idealTree +-- falafel@1.2.0
180 silly idealTree +-- file-type@2.12.0
180 silly idealTree +-- finalhandler@0.4.1
180 silly idealTree +-- find-up@1.1.2
180 silly idealTree +-- foreach@2.0.5
180 silly idealTree +-- forever-agent@0.6.1
180 silly idealTree +-- form-data@1.0.0-rc4
180 silly idealTree | `-- async@1.5.2
180 silly idealTree +-- forwarded@0.1.0
180 silly idealTree +-- fresh@0.3.0
180 silly idealTree +-- fs@0.0.2
180 silly idealTree +-- fwk@1.0.11
180 silly idealTree +-- generate-function@2.0.0
180 silly idealTree +-- generate-object-property@1.2.0
180 silly idealTree +-- get-stdin@4.0.1
180 silly idealTree +-- getpass@0.1.5
180 silly idealTree | `-- assert-plus@1.0.0
180 silly idealTree +-- graceful-fs@4.1.4
180 silly idealTree +-- graceful-readlink@1.0.1
180 silly idealTree +-- har-validator@2.0.6
180 silly idealTree +-- has-ansi@2.0.0
180 silly idealTree +-- hawk@3.1.3
180 silly idealTree +-- hoek@2.16.3
180 silly idealTree +-- hooks-fixed@1.1.0
180 silly idealTree +-- hosted-git-info@2.1.4
180 silly idealTree +-- htmlparser2@3.9.0
180 silly idealTree | +-- isarray@1.0.0
180 silly idealTree | `-- readable-stream@2.1.0
180 silly idealTree +-- http-errors@1.4.0
180 silly idealTree +-- http-signature@1.1.1
180 silly idealTree +-- iconv-lite@0.4.13
180 silly idealTree +-- indent-string@2.1.0
180 silly idealTree +-- inherits@2.0.1
180 silly idealTree +-- inline-process-browser@2.0.1
180 silly idealTree +-- instagram-node@0.5.8
180 silly idealTree | `-- colors@0.6.0-1
180 silly idealTree +-- ipaddr.js@1.0.5
180 silly idealTree +-- is-arrayish@0.2.1
180 silly idealTree +-- is-builtin-module@1.0.0
180 silly idealTree +-- is-finite@1.0.1
180 silly idealTree +-- is-my-json-valid@2.13.1
180 silly idealTree +-- is-property@1.0.2
180 silly idealTree +-- is-typedarray@1.0.0
180 silly idealTree +-- is-utf8@0.2.1
180 silly idealTree +-- isarray@0.0.1
180 silly idealTree +-- isstream@0.1.2
180 silly idealTree +-- jodid25519@1.0.2
180 silly idealTree +-- jsbn@0.1.0
180 silly idealTree +-- json-schema@0.2.2
180 silly idealTree +-- json-stringify-safe@5.0.1
180 silly idealTree +-- jsonpointer@2.0.0
180 silly idealTree +-- jsprim@1.2.2
180 silly idealTree +-- jszip@2.6.0
180 silly idealTree +-- kareem@1.0.1
180 silly idealTree +-- load-json-file@1.1.0
180 silly idealTree +-- lodash@4.11.1
180 silly idealTree +-- loud-rejection@1.3.0
180 silly idealTree +-- lru-cache@4.0.1
180 silly idealTree +-- map-obj@1.0.1
180 silly idealTree +-- media-typer@0.3.0
180 silly idealTree +-- meow@3.7.0
180 silly idealTree +-- merge-descriptors@1.0.1
180 silly idealTree +-- methods@1.1.2
180 silly idealTree +-- mime-db@1.22.0
180 silly idealTree +-- mime-types@2.1.10
180 silly idealTree +-- mime@1.3.4
180 silly idealTree +-- minimist@1.2.0
180 silly idealTree +-- mongodb-core@1.3.16
180 silly idealTree +-- mongodb@2.1.16
180 silly idealTree +-- mongoose@4.4.13
180 silly idealTree | `-- async@1.5.2
180 silly idealTree +-- mpath@0.2.1
180 silly idealTree +-- mpromise@0.5.5
180 silly idealTree +-- mquery@1.10.0
180 silly idealTree | `-- sliced@0.0.5
180 silly idealTree +-- ms@0.7.1
180 silly idealTree +-- muri@1.1.0
180 silly idealTree +-- nan@2.3.3
180 silly idealTree +-- negotiator@0.5.3
180 silly idealTree +-- node-rest-client@1.8.0
180 silly idealTree +-- node-rsa@0.2.30
180 silly idealTree | `-- lodash@3.3.0
180 silly idealTree +-- node-uuid@1.4.7
180 silly idealTree +-- normalize-package-data@2.3.5
180 silly idealTree +-- number-is-nan@1.0.0
180 silly idealTree +-- nwmatcher@1.3.7
180 silly idealTree +-- oauth-sign@0.8.1
180 silly idealTree +-- object-assign@4.1.0
180 silly idealTree +-- object-keys@1.0.9
180 silly idealTree +-- on-finished@2.3.0
180 silly idealTree +-- pako@1.0.1
180 silly idealTree +-- parse-json@2.2.0
180 silly idealTree +-- parseurl@1.3.1
180 silly idealTree +-- path-exists@2.1.0
180 silly idealTree +-- path-to-regexp@0.1.7
180 silly idealTree +-- path-type@1.1.0
180 silly idealTree +-- phone@1.0.6
180 silly idealTree +-- pify@2.3.0
180 silly idealTree +-- pinkie-promise@2.0.1
180 silly idealTree +-- pinkie@2.0.4
180 silly idealTree +-- private@0.1.6
180 silly idealTree +-- process-nextick-args@1.0.6
180 silly idealTree +-- proxy-addr@1.0.10
180 silly idealTree +-- pseudomap@1.0.2
180 silly idealTree +-- qs@6.1.0
180 silly idealTree +-- range-parser@1.0.3
180 silly idealTree +-- raw-body@2.1.6
180 silly idealTree | `-- bytes@2.3.0
180 silly idealTree +-- read-chunk@1.0.1
180 silly idealTree +-- read-pkg-up@1.0.1
180 silly idealTree +-- read-pkg@1.1.0
180 silly idealTree +-- readable-stream@1.0.31
180 silly idealTree +-- recast@0.11.5
180 silly idealTree +-- redent@1.0.0
180 silly idealTree +-- regexp-clone@0.0.1
180 silly idealTree +-- repeating@2.0.1
180 silly idealTree +-- request@2.72.0
180 silly idealTree +-- require_optional@1.0.0
180 silly idealTree +-- resolve-from@2.0.0
180 silly idealTree +-- sax@1.2.1
180 silly idealTree +-- semver@5.1.0
180 silly idealTree +-- send@0.13.1
180 silly idealTree | `-- http-errors@1.3.1
180 silly idealTree +-- serve-static@1.10.2
180 silly idealTree +-- should@0.6.3
180 silly idealTree +-- signal-exit@2.1.2
180 silly idealTree +-- sliced@1.0.1
180 silly idealTree +-- snapchat@2.0.2
180 silly idealTree | `-- async@1.5.2
180 silly idealTree +-- sntp@1.0.9
180 silly idealTree +-- source-map@0.5.4
180 silly idealTree +-- spdx-correct@1.0.2
180 silly idealTree +-- spdx-exceptions@1.0.4
180 silly idealTree +-- spdx-expression-parse@1.0.2
180 silly idealTree +-- spdx-license-ids@1.2.1
180 silly idealTree +-- sshpk@1.8.1
180 silly idealTree | `-- assert-plus@1.0.0
180 silly idealTree +-- statuses@1.2.1
180 silly idealTree +-- string_decoder@0.10.31
180 silly idealTree +-- stringstream@0.0.5
180 silly idealTree +-- strip-ansi@3.0.1
180 silly idealTree +-- strip-bom@2.0.0
180 silly idealTree +-- strip-indent@1.0.1
180 silly idealTree +-- supports-color@2.0.0
180 silly idealTree +-- through2@0.6.5
180 silly idealTree | `-- readable-stream@1.0.34
180 silly idealTree +-- tough-cookie@2.2.2
180 silly idealTree +-- trim-newlines@1.0.0
180 silly idealTree +-- tunnel-agent@0.4.2
180 silly idealTree +-- tweetnacl@0.13.3
180 silly idealTree +-- twitter@1.2.5
180 silly idealTree +-- type-is@1.6.12
180 silly idealTree +-- unpipe@1.0.0
180 silly idealTree +-- unreachable-branch-transform@0.5.1
180 silly idealTree +-- url-join@0.0.1
180 silly idealTree +-- ursa@0.8.5
180 silly idealTree | `-- nan@1.9.0
180 silly idealTree +-- util-deprecate@1.0.2
180 silly idealTree +-- utils-merge@1.0.0
180 silly idealTree +-- validate-npm-package-license@3.0.1
180 silly idealTree +-- vary@1.0.1
180 silly idealTree +-- verror@1.3.6
180 silly idealTree +-- xml2js@0.4.16
180 silly idealTree +-- xmlbuilder@4.2.1
180 silly idealTree +-- xmlhttprequest@1.8.0
180 silly idealTree +-- xtend@4.0.1
180 silly idealTree `-- yallist@2.0.0
181 silly generateActionsToTake Starting
182 silly install generateActionsToTake
183 silly generateActionsToTake Finishing
184 silly diffTrees action count 4
185 silly diffTrees add nan@2.3.3
186 silly diffTrees add bignum@0.11.0
187 silly diffTrees add async@1.5.2
188 silly diffTrees add snapchat@2.0.2
189 silly decomposeActions action count 32
190 silly decomposeActions fetch nan@2.3.3
191 silly decomposeActions extract nan@2.3.3
192 silly decomposeActions test nan@2.3.3
193 silly decomposeActions preinstall nan@2.3.3
194 silly decomposeActions build nan@2.3.3
195 silly decomposeActions install nan@2.3.3
196 silly decomposeActions postinstall nan@2.3.3
197 silly decomposeActions finalize nan@2.3.3
198 silly decomposeActions fetch bignum@0.11.0
199 silly decomposeActions extract bignum@0.11.0
200 silly decomposeActions test bignum@0.11.0
201 silly decomposeActions preinstall bignum@0.11.0
202 silly decomposeActions build bignum@0.11.0
203 silly decomposeActions install bignum@0.11.0
204 silly decomposeActions postinstall bignum@0.11.0
205 silly decomposeActions finalize bignum@0.11.0
206 silly decomposeActions fetch async@1.5.2
207 silly decomposeActions extract async@1.5.2
208 silly decomposeActions test async@1.5.2
209 silly decomposeActions preinstall async@1.5.2
210 silly decomposeActions build async@1.5.2
211 silly decomposeActions install async@1.5.2
212 silly decomposeActions postinstall async@1.5.2
213 silly decomposeActions finalize async@1.5.2
214 silly decomposeActions fetch snapchat@2.0.2
215 silly decomposeActions extract snapchat@2.0.2
216 silly decomposeActions test snapchat@2.0.2
217 silly decomposeActions preinstall snapchat@2.0.2
218 silly decomposeActions build snapchat@2.0.2
219 silly decomposeActions install snapchat@2.0.2
220 silly decomposeActions postinstall snapchat@2.0.2
221 silly decomposeActions finalize snapchat@2.0.2
222 silly executeActions Starting
223 silly install executeActions
224 silly doSerial global-install 0
225 silly doParallel fetch 4
226 verbose correctMkdir C:\Users\loset\AppData\Roaming\npm-cache\_locks correctMkdir not in flight; initializing
227 verbose lock using C:\Users\loset\AppData\Roaming\npm-cache\_locks\staging-71345142bd0a4634.lock for C:\Users\loset\Documents\Web Projects\portfolio\node_modules\.staging
228 silly doParallel extract 4
229 silly extract nan@2.3.3
230 silly extract bignum@0.11.0
231 silly extract async@1.5.2
232 silly extract snapchat@2.0.2
233 verbose unbuild node_modules\.staging\bignum-0f402c8a
234 verbose unbuild node_modules\.staging\nan-336481fe
235 verbose unbuild node_modules\.staging\async-16f207e4
236 silly gentlyRm C:\Users\loset\Documents\Web Projects\portfolio\node_modules\.staging\bignum-0f402c8a is being purged from base C:\Users\loset\Documents\Web Projects\portfolio
237 verbose gentlyRm don't care about contents; nuking C:\Users\loset\Documents\Web Projects\portfolio\node_modules\.staging\bignum-0f402c8a
238 silly gentlyRm C:\Users\loset\Documents\Web Projects\portfolio\node_modules\.staging\nan-336481fe is being purged from base C:\Users\loset\Documents\Web Projects\portfolio
239 verbose gentlyRm don't care about contents; nuking C:\Users\loset\Documents\Web Projects\portfolio\node_modules\.staging\nan-336481fe
240 silly gentlyRm C:\Users\loset\Documents\Web Projects\portfolio\node_modules\.staging\async-16f207e4 is being purged from base C:\Users\loset\Documents\Web Projects\portfolio
241 verbose gentlyRm don't care about contents; nuking C:\Users\loset\Documents\Web Projects\portfolio\node_modules\.staging\async-16f207e4
242 verbose tar unpack C:\Users\loset\AppData\Roaming\npm-cache\bignum\0.11.0\package.tgz
243 verbose tar unpacking to C:\Users\loset\Documents\Web Projects\portfolio\node_modules\.staging\bignum-0f402c8a
244 silly gentlyRm C:\Users\loset\Documents\Web Projects\portfolio\node_modules\.staging\bignum-0f402c8a is being purged
245 verbose gentlyRm don't care about contents; nuking C:\Users\loset\Documents\Web Projects\portfolio\node_modules\.staging\bignum-0f402c8a
246 verbose tar unpack C:\Users\loset\AppData\Roaming\npm-cache\nan\2.3.3\package.tgz
247 verbose tar unpacking to C:\Users\loset\Documents\Web Projects\portfolio\node_modules\.staging\nan-336481fe
248 silly gentlyRm C:\Users\loset\Documents\Web Projects\portfolio\node_modules\.staging\nan-336481fe is being purged
249 verbose gentlyRm don't care about contents; nuking C:\Users\loset\Documents\Web Projects\portfolio\node_modules\.staging\nan-336481fe
250 verbose tar unpack C:\Users\loset\AppData\Roaming\npm-cache\async\1.5.2\package.tgz
251 verbose tar unpacking to C:\Users\loset\Documents\Web Projects\portfolio\node_modules\.staging\async-16f207e4
252 silly gentlyRm C:\Users\loset\Documents\Web Projects\portfolio\node_modules\.staging\async-16f207e4 is being purged
253 verbose gentlyRm don't care about contents; nuking C:\Users\loset\Documents\Web Projects\portfolio\node_modules\.staging\async-16f207e4
254 silly gunzTarPerm modes [ '777', '666' ]
255 silly gunzTarPerm modes [ '777', '666' ]
256 silly gunzTarPerm modes [ '777', '666' ]
257 verbose unbuild node_modules\.staging\snapchat-9c6d8677
258 silly gunzTarPerm extractEntry package.json
259 silly gunzTarPerm modified mode [ 'package.json', 420, 438 ]
260 silly gunzTarPerm extractEntry package.json
261 silly gunzTarPerm modified mode [ 'package.json', 436, 438 ]
262 silly gunzTarPerm extractEntry package.json
263 silly gunzTarPerm modified mode [ 'package.json', 436, 438 ]
264 silly gentlyRm C:\Users\loset\Documents\Web Projects\portfolio\node_modules\.staging\snapchat-9c6d8677 is being purged from base C:\Users\loset\Documents\Web Projects\portfolio
265 verbose gentlyRm don't care about contents; nuking C:\Users\loset\Documents\Web Projects\portfolio\node_modules\.staging\snapchat-9c6d8677
266 silly gunzTarPerm extractEntry .npmignore
267 silly gunzTarPerm modified mode [ '.npmignore', 420, 438 ]
268 silly gunzTarPerm extractEntry index.js
269 silly gunzTarPerm modified mode [ 'index.js', 420, 438 ]
270 verbose tar unpack C:\Users\loset\AppData\Roaming\npm-cache\snapchat\2.0.2\package.tgz
271 verbose tar unpacking to C:\Users\loset\Documents\Web Projects\portfolio\node_modules\.staging\snapchat-9c6d8677
272 silly gentlyRm C:\Users\loset\Documents\Web Projects\portfolio\node_modules\.staging\snapchat-9c6d8677 is being purged
273 verbose gentlyRm don't care about contents; nuking C:\Users\loset\Documents\Web Projects\portfolio\node_modules\.staging\snapchat-9c6d8677
274 silly gunzTarPerm modes [ '777', '666' ]
275 silly gunzTarPerm extractEntry README.md
276 silly gunzTarPerm modified mode [ 'README.md', 436, 438 ]
277 silly gunzTarPerm extractEntry include_dirs.js
278 silly gunzTarPerm modified mode [ 'include_dirs.js', 436, 438 ]
279 silly gunzTarPerm extractEntry README.md
280 silly gunzTarPerm modified mode [ 'README.md', 436, 438 ]
281 silly gunzTarPerm extractEntry LICENSE
282 silly gunzTarPerm modified mode [ 'LICENSE', 436, 438 ]
283 silly gunzTarPerm extractEntry CHANGELOG.md
284 silly gunzTarPerm modified mode [ 'CHANGELOG.md', 436, 438 ]
285 silly gunzTarPerm extractEntry dist/async.js
286 silly gunzTarPerm modified mode [ 'dist/async.js', 436, 438 ]
287 silly gunzTarPerm extractEntry dist/async.min.js
288 silly gunzTarPerm modified mode [ 'dist/async.min.js', 436, 438 ]
289 silly gunzTarPerm extractEntry binding.gyp
290 silly gunzTarPerm modified mode [ 'binding.gyp', 420, 438 ]
291 silly gunzTarPerm extractEntry .travis.yml
292 silly gunzTarPerm modified mode [ '.travis.yml', 420, 438 ]
293 silly gunzTarPerm extractEntry README.markdown
294 silly gunzTarPerm modified mode [ 'README.markdown', 420, 438 ]
295 silly gunzTarPerm extractEntry bignum.cc
296 silly gunzTarPerm modified mode [ 'bignum.cc', 420, 438 ]
297 silly gunzTarPerm extractEntry .dntrc
298 silly gunzTarPerm modified mode [ '.dntrc', 420, 438 ]
299 silly gunzTarPerm extractEntry examples/gen.js
300 silly gunzTarPerm modified mode [ 'examples/gen.js', 420, 438 ]
301 silly gunzTarPerm extractEntry examples/perfect.js
302 silly gunzTarPerm modified mode [ 'examples/perfect.js', 420, 438 ]
303 silly gunzTarPerm extractEntry examples/simple.js
304 silly gunzTarPerm modified mode [ 'examples/simple.js', 420, 438 ]
305 silly gunzTarPerm extractEntry test/big.js
306 silly gunzTarPerm modified mode [ 'test/big.js', 420, 438 ]
307 silly gunzTarPerm extractEntry test/buf.js
308 silly gunzTarPerm modified mode [ 'test/buf.js', 420, 438 ]
309 silly gunzTarPerm extractEntry test/gh52.js
310 silly gunzTarPerm modified mode [ 'test/gh52.js', 420, 438 ]
311 silly gunzTarPerm extractEntry test/isbignum.js
312 silly gunzTarPerm modified mode [ 'test/isbignum.js', 420, 438 ]
313 silly gunzTarPerm extractEntry test/seed.js
314 silly gunzTarPerm modified mode [ 'test/seed.js', 420, 438 ]
315 silly gunzTarPerm extractEntry test/wincrash.js
316 silly gunzTarPerm modified mode [ 'test/wincrash.js', 420, 438 ]
317 silly gunzTarPerm extractEntry nan_converters.h
318 silly gunzTarPerm modified mode [ 'nan_converters.h', 436, 438 ]
319 silly gunzTarPerm extractEntry LICENSE.md
320 silly gunzTarPerm modified mode [ 'LICENSE.md', 436, 438 ]
321 silly gunzTarPerm extractEntry doc/node_misc.md
322 silly gunzTarPerm modified mode [ 'doc/node_misc.md', 436, 438 ]
323 silly gunzTarPerm extractEntry package.json
324 silly gunzTarPerm modified mode [ 'package.json', 420, 438 ]
325 silly gunzTarPerm extractEntry lib/async.js
326 silly gunzTarPerm modified mode [ 'lib/async.js', 436, 438 ]
327 silly gunzTarPerm extractEntry doc/asyncworker.md
328 silly gunzTarPerm modified mode [ 'doc/asyncworker.md', 436, 438 ]
329 silly gunzTarPerm extractEntry .npmignore
330 silly gunzTarPerm modified mode [ '.npmignore', 420, 438 ]
331 silly gunzTarPerm extractEntry README.md
332 silly gunzTarPerm modified mode [ 'README.md', 420, 438 ]
333 silly gunzTarPerm extractEntry doc/callback.md
334 silly gunzTarPerm modified mode [ 'doc/callback.md', 436, 438 ]
335 silly gunzTarPerm extractEntry doc/converters.md
336 silly gunzTarPerm modified mode [ 'doc/converters.md', 436, 438 ]
337 silly gunzTarPerm extractEntry LICENSE
338 silly gunzTarPerm modified mode [ 'LICENSE', 420, 438 ]
339 silly gunzTarPerm extractEntry gulpfile.js
340 silly gunzTarPerm modified mode [ 'gulpfile.js', 420, 438 ]
341 silly gunzTarPerm extractEntry doc/errors.md
342 silly gunzTarPerm modified mode [ 'doc/errors.md', 436, 438 ]
343 silly gunzTarPerm extractEntry doc/maybe_types.md
344 silly gunzTarPerm modified mode [ 'doc/maybe_types.md', 436, 438 ]
345 silly gunzTarPerm extractEntry index.js
346 silly gunzTarPerm modified mode [ 'index.js', 420, 438 ]
347 silly gunzTarPerm extractEntry snapchat.min.js
348 silly gunzTarPerm modified mode [ 'snapchat.min.js', 420, 438 ]
349 silly gunzTarPerm extractEntry doc/methods.md
350 silly gunzTarPerm modified mode [ 'doc/methods.md', 436, 438 ]
351 silly gunzTarPerm extractEntry doc/new.md
352 silly gunzTarPerm modified mode [ 'doc/new.md', 436, 438 ]
353 silly gunzTarPerm extractEntry doc/buffers.md
354 silly gunzTarPerm modified mode [ 'doc/buffers.md', 436, 438 ]
355 silly gunzTarPerm extractEntry doc/object_wrappers.md
356 silly gunzTarPerm modified mode [ 'doc/object_wrappers.md', 436, 438 ]
357 silly gunzTarPerm extractEntry doc/persistent.md
358 silly gunzTarPerm modified mode [ 'doc/persistent.md', 436, 438 ]
359 silly gunzTarPerm extractEntry doc/scopes.md
360 silly gunzTarPerm modified mode [ 'doc/scopes.md', 436, 438 ]
361 silly gunzTarPerm extractEntry .jsdoc.json
362 silly gunzTarPerm modified mode [ '.jsdoc.json', 420, 438 ]
363 silly gunzTarPerm extractEntry doc/script.md
364 silly gunzTarPerm modified mode [ 'doc/script.md', 436, 438 ]
365 silly gunzTarPerm extractEntry doc/string_bytes.md
366 silly gunzTarPerm modified mode [ 'doc/string_bytes.md', 436, 438 ]
367 silly gunzTarPerm extractEntry .jshintrc
368 silly gunzTarPerm modified mode [ '.jshintrc', 420, 438 ]
369 silly gunzTarPerm extractEntry CONTRIBUTING.md
370 silly gunzTarPerm modified mode [ 'CONTRIBUTING.md', 420, 438 ]
371 silly gunzTarPerm extractEntry lib/buffer-utils.js
372 silly gunzTarPerm modified mode [ 'lib/buffer-utils.js', 420, 438 ]
373 silly gunzTarPerm extractEntry lib/constants.js
374 silly gunzTarPerm modified mode [ 'lib/constants.js', 420, 438 ]
375 silly gunzTarPerm extractEntry lib/request.js
376 silly gunzTarPerm modified mode [ 'lib/request.js', 420, 438 ]
377 silly gunzTarPerm extractEntry lib/string-utils.js
378 silly gunzTarPerm modified mode [ 'lib/string-utils.js', 420, 438 ]
379 silly gunzTarPerm extractEntry doc/v8_internals.md
380 silly gunzTarPerm modified mode [ 'doc/v8_internals.md', 436, 438 ]
381 silly gunzTarPerm extractEntry doc/v8_misc.md
382 silly gunzTarPerm modified mode [ 'doc/v8_misc.md', 436, 438 ]
383 silly gunzTarPerm extractEntry models/blob.js
384 silly gunzTarPerm modified mode [ 'models/blob.js', 420, 438 ]
385 silly gunzTarPerm extractEntry models/message.js
386 silly gunzTarPerm modified mode [ 'models/message.js', 420, 438 ]
387 silly gentlyRm C:\Users\loset\Documents\Web Projects\portfolio\node_modules\.staging\async-16f207e4\node_modules is being purged
388 verbose gentlyRm don't care about contents; nuking C:\Users\loset\Documents\Web Projects\portfolio\node_modules\.staging\async-16f207e4\node_modules
389 silly gunzTarPerm extractEntry models/nearby-user.js
390 silly gunzTarPerm modified mode [ 'models/nearby-user.js', 420, 438 ]
391 silly gunzTarPerm extractEntry models/session.js
392 silly gunzTarPerm modified mode [ 'models/session.js', 420, 438 ]
393 silly gunzTarPerm extractEntry models/shared-story-description.js
394 silly gunzTarPerm modified mode [ 'models/shared-story-description.js', 420, 438 ]
395 silly gunzTarPerm extractEntry nan.h
396 silly gunzTarPerm modified mode [ 'nan.h', 436, 438 ]
397 silly gunzTarPerm extractEntry nan_callbacks.h
398 silly gunzTarPerm modified mode [ 'nan_callbacks.h', 436, 438 ]
399 silly gunzTarPerm extractEntry nan_callbacks_12_inl.h
400 silly gunzTarPerm modified mode [ 'nan_callbacks_12_inl.h', 436, 438 ]
401 silly gunzTarPerm extractEntry nan_callbacks_pre_12_inl.h
402 silly gunzTarPerm modified mode [ 'nan_callbacks_pre_12_inl.h', 436, 438 ]
403 silly gunzTarPerm extractEntry nan_converters_43_inl.h
404 silly gunzTarPerm modified mode [ 'nan_converters_43_inl.h', 436, 438 ]
405 silly gunzTarPerm extractEntry nan_converters_pre_43_inl.h
406 silly gunzTarPerm modified mode [ 'nan_converters_pre_43_inl.h', 436, 438 ]
407 silly gunzTarPerm extractEntry nan_implementation_12_inl.h
408 silly gunzTarPerm modified mode [ 'nan_implementation_12_inl.h', 436, 438 ]
409 silly gunzTarPerm extractEntry nan_implementation_pre_12_inl.h
410 silly gunzTarPerm modified mode [ 'nan_implementation_pre_12_inl.h', 436, 438 ]
411 silly gunzTarPerm extractEntry nan_maybe_43_inl.h
412 silly gunzTarPerm modified mode [ 'nan_maybe_43_inl.h', 436, 438 ]
413 silly gunzTarPerm extractEntry nan_maybe_pre_43_inl.h
414 silly gunzTarPerm modified mode [ 'nan_maybe_pre_43_inl.h', 436, 438 ]
415 silly gunzTarPerm extractEntry nan_new.h
416 silly gunzTarPerm modified mode [ 'nan_new.h', 436, 438 ]
417 silly gunzTarPerm extractEntry nan_object_wrap.h
418 silly gunzTarPerm modified mode [ 'nan_object_wrap.h', 436, 438 ]
419 silly gunzTarPerm extractEntry nan_persistent_12_inl.h
420 silly gunzTarPerm modified mode [ 'nan_persistent_12_inl.h', 436, 438 ]
421 silly gunzTarPerm extractEntry nan_persistent_pre_12_inl.h
422 silly gunzTarPerm modified mode [ 'nan_persistent_pre_12_inl.h', 436, 438 ]
423 silly gunzTarPerm extractEntry nan_string_bytes.h
424 silly gunzTarPerm modified mode [ 'nan_string_bytes.h', 436, 438 ]
425 silly gunzTarPerm extractEntry nan_typedarray_contents.h
426 silly gunzTarPerm modified mode [ 'nan_typedarray_contents.h', 436, 438 ]
427 silly gunzTarPerm extractEntry nan_weak.h
428 silly gunzTarPerm modified mode [ 'nan_weak.h', 436, 438 ]
429 silly gunzTarPerm extractEntry CHANGELOG.md
430 silly gunzTarPerm modified mode [ 'CHANGELOG.md', 436, 438 ]
431 silly gunzTarPerm extractEntry tools/package.json
432 silly gunzTarPerm modified mode [ 'tools/package.json', 436, 438 ]
433 silly gunzTarPerm extractEntry tools/README.md
434 silly gunzTarPerm modified mode [ 'tools/README.md', 436, 438 ]
435 silly gunzTarPerm extractEntry tools/1to2.js
436 silly gunzTarPerm modified mode [ 'tools/1to2.js', 509, 511 ]
437 silly gunzTarPerm extractEntry models/location.js
438 silly gunzTarPerm modified mode [ 'models/location.js', 420, 438 ]
439 silly gunzTarPerm extractEntry models/snap.js
440 silly gunzTarPerm modified mode [ 'models/snap.js', 420, 438 ]
441 silly gunzTarPerm extractEntry models/story-collection.js
442 silly gunzTarPerm modified mode [ 'models/story-collection.js', 420, 438 ]
443 silly gunzTarPerm extractEntry models/story-note.js
444 silly gunzTarPerm modified mode [ 'models/story-note.js', 420, 438 ]
445 silly gunzTarPerm extractEntry models/story-options.js
446 silly gunzTarPerm modified mode [ 'models/story-options.js', 420, 438 ]
447 silly gunzTarPerm extractEntry models/story-updater.js
448 silly gunzTarPerm modified mode [ 'models/story-updater.js', 420, 438 ]
449 silly gunzTarPerm extractEntry models/found-friend.js
450 silly gunzTarPerm modified mode [ 'models/found-friend.js', 420, 438 ]
451 silly gunzTarPerm extractEntry models/story.js
452 silly gunzTarPerm modified mode [ 'models/story.js', 420, 438 ]
453 silly gunzTarPerm extractEntry models/filter.js
454 silly gunzTarPerm modified mode [ 'models/filter.js', 420, 438 ]
455 silly gunzTarPerm extractEntry models/transaction.js
456 silly gunzTarPerm modified mode [ 'models/transaction.js', 420, 438 ]
457 silly gunzTarPerm extractEntry models/conversation.js
458 silly gunzTarPerm modified mode [ 'models/conversation.js', 420, 438 ]
459 silly gunzTarPerm extractEntry models/user-story.js
460 silly gunzTarPerm modified mode [ 'models/user-story.js', 420, 438 ]
461 silly gunzTarPerm extractEntry models/cash-transaction.js
462 silly gunzTarPerm modified mode [ 'models/cash-transaction.js', 420, 438 ]
463 silly gunzTarPerm extractEntry models/user.js
464 silly gunzTarPerm modified mode [ 'models/user.js', 420, 438 ]
465 silly gunzTarPerm extractEntry models/snap-options.js
466 silly gunzTarPerm modified mode [ 'models/snap-options.js', 420, 438 ]
467 silly gunzTarPerm extractEntry routes/account.js
468 silly gunzTarPerm modified mode [ 'routes/account.js', 420, 438 ]
469 silly gunzTarPerm extractEntry routes/chat.js
470 silly gunzTarPerm modified mode [ 'routes/chat.js', 420, 438 ]
471 silly gunzTarPerm extractEntry routes/device.js
472 silly gunzTarPerm modified mode [ 'routes/device.js', 420, 438 ]
473 silly gunzTarPerm extractEntry routes/friends.js
474 silly gunzTarPerm modified mode [ 'routes/friends.js', 420, 438 ]
475 silly gunzTarPerm extractEntry routes/snaps.js
476 silly gunzTarPerm modified mode [ 'routes/snaps.js', 420, 438 ]
477 silly gunzTarPerm extractEntry routes/stories.js
478 silly gunzTarPerm modified mode [ 'routes/stories.js', 420, 438 ]
479 silly gunzTarPerm extractEntry test/account.js
480 silly gunzTarPerm modified mode [ 'test/account.js', 420, 438 ]
481 silly gunzTarPerm extractEntry test/auth.js
482 silly gunzTarPerm modified mode [ 'test/auth.js', 420, 438 ]
483 silly gunzTarPerm extractEntry test/blob.js
484 silly gunzTarPerm modified mode [ 'test/blob.js', 420, 438 ]
485 silly gunzTarPerm extractEntry test/chat.js
486 silly gunzTarPerm modified mode [ 'test/chat.js', 420, 438 ]
487 silly gunzTarPerm extractEntry test/client.js
488 silly gunzTarPerm modified mode [ 'test/client.js', 420, 438 ]
489 silly gunzTarPerm extractEntry test/friends.js
490 silly gunzTarPerm modified mode [ 'test/friends.js', 420, 438 ]
491 silly gunzTarPerm extractEntry test/request.js
492 silly gunzTarPerm modified mode [ 'test/request.js', 420, 438 ]
493 silly gunzTarPerm extractEntry test/snaps.js
494 silly gunzTarPerm modified mode [ 'test/snaps.js', 420, 438 ]
495 silly gunzTarPerm extractEntry test/string-utils.js
496 silly gunzTarPerm modified mode [ 'test/string-utils.js', 420, 438 ]
497 silly gunzTarPerm extractEntry test/data/out.mp4
498 silly gunzTarPerm modified mode [ 'test/data/out.mp4', 420, 438 ]
499 silly gunzTarPerm extractEntry test/data/out1.jpg
500 silly gunzTarPerm modified mode [ 'test/data/out1.jpg', 420, 438 ]
501 silly gunzTarPerm extractEntry test/data/out2.jpg
502 silly gunzTarPerm modified mode [ 'test/data/out2.jpg', 420, 438 ]
503 silly gentlyRm C:\Users\loset\Documents\Web Projects\portfolio\node_modules\.staging\bignum-0f402c8a\node_modules is being purged
504 verbose gentlyRm don't care about contents; nuking C:\Users\loset\Documents\Web Projects\portfolio\node_modules\.staging\bignum-0f402c8a\node_modules
505 silly gentlyRm C:\Users\loset\Documents\Web Projects\portfolio\node_modules\.staging\nan-336481fe\node_modules is being purged
506 verbose gentlyRm don't care about contents; nuking C:\Users\loset\Documents\Web Projects\portfolio\node_modules\.staging\nan-336481fe\node_modules
507 silly gentlyRm C:\Users\loset\Documents\Web Projects\portfolio\node_modules\.staging\snapchat-9c6d8677\node_modules is being purged
508 verbose gentlyRm don't care about contents; nuking C:\Users\loset\Documents\Web Projects\portfolio\node_modules\.staging\snapchat-9c6d8677\node_modules
509 silly doParallel preinstall 4
510 silly preinstall nan@2.3.3 C:\Users\loset\Documents\Web Projects\portfolio\node_modules\.staging\nan-336481fe
511 info lifecycle nan@2.3.3~preinstall: nan@2.3.3
512 silly preinstall bignum@0.11.0 C:\Users\loset\Documents\Web Projects\portfolio\node_modules\.staging\bignum-0f402c8a
513 info lifecycle bignum@0.11.0~preinstall: bignum@0.11.0
514 silly preinstall async@1.5.2 C:\Users\loset\Documents\Web Projects\portfolio\node_modules\.staging\async-16f207e4
515 info lifecycle async@1.5.2~preinstall: async@1.5.2
516 silly preinstall snapchat@2.0.2 C:\Users\loset\Documents\Web Projects\portfolio\node_modules\.staging\snapchat-9c6d8677
517 info lifecycle snapchat@2.0.2~preinstall: snapchat@2.0.2
518 silly lifecycle nan@2.3.3~preinstall: no script for preinstall, continuing
519 silly lifecycle bignum@0.11.0~preinstall: no script for preinstall, continuing
520 silly lifecycle async@1.5.2~preinstall: no script for preinstall, continuing
521 silly lifecycle snapchat@2.0.2~preinstall: no script for preinstall, continuing
522 silly doReverseSerial remove 0
523 silly doSerial move 0
524 silly doSerial finalize 4
525 silly finalize C:\Users\loset\Documents\Web Projects\portfolio\node_modules\nan
526 silly finalize C:\Users\loset\Documents\Web Projects\portfolio\node_modules\bignum
527 silly finalize C:\Users\loset\Documents\Web Projects\portfolio\node_modules\snapchat\node_modules\async
528 silly finalize C:\Users\loset\Documents\Web Projects\portfolio\node_modules\snapchat
529 silly doSerial build 4
530 silly build nan@2.3.3
531 info linkStuff nan@2.3.3
532 silly linkStuff nan@2.3.3 has C:\Users\loset\Documents\Web Projects\portfolio\node_modules as its parent node_modules
533 verbose linkBins nan@2.3.3
534 verbose linkMans nan@2.3.3
535 silly build bignum@0.11.0
536 info linkStuff bignum@0.11.0
537 silly linkStuff bignum@0.11.0 has C:\Users\loset\Documents\Web Projects\portfolio\node_modules as its parent node_modules
538 verbose linkBins bignum@0.11.0
539 verbose linkMans bignum@0.11.0
540 silly build async@1.5.2
541 info linkStuff async@1.5.2
542 silly linkStuff async@1.5.2 has C:\Users\loset\Documents\Web Projects\portfolio\node_modules\snapchat\node_modules as its parent node_modules
543 verbose linkBins async@1.5.2
544 verbose linkMans async@1.5.2
545 silly build snapchat@2.0.2
546 info linkStuff snapchat@2.0.2
547 silly linkStuff snapchat@2.0.2 has C:\Users\loset\Documents\Web Projects\portfolio\node_modules as its parent node_modules
548 verbose linkBins snapchat@2.0.2
549 verbose linkMans snapchat@2.0.2
550 silly doSerial global-link 0
551 silly doParallel update-linked 0
552 silly doSerial install 4
553 silly install nan@2.3.3 C:\Users\loset\Documents\Web Projects\portfolio\node_modules\.staging\nan-336481fe
554 info lifecycle nan@2.3.3~install: nan@2.3.3
555 silly lifecycle nan@2.3.3~install: no script for install, continuing
556 silly install bignum@0.11.0 C:\Users\loset\Documents\Web Projects\portfolio\node_modules\.staging\bignum-0f402c8a
557 info lifecycle bignum@0.11.0~install: bignum@0.11.0
558 verbose lifecycle bignum@0.11.0~install: unsafe-perm in lifecycle true
559 verbose lifecycle bignum@0.11.0~install: PATH: C:\Program Files\nodejs\node_modules\npm\bin\node-gyp-bin;C:\Users\loset\Documents\Web Projects\portfolio\node_modules\bignum\node_modules\.bin;C:\Users\loset\Documents\Web Projects\portfolio\node_modules\.bin;C:\Program Files\nodejs;C:\Program Files (x86)\Intel\iCLS Client\;C:\Program Files\Intel\iCLS Client\;C:\WINDOWS\system32;C:\WINDOWS;C:\WINDOWS\System32\Wbem;C:\WINDOWS\System32\WindowsPowerShell\v1.0\;C:\Program Files (x86)\Intel\Intel(R) Management Engine Components\DAL;C:\Program Files\Intel\Intel(R) Management Engine Components\DAL;C:\Program Files (x86)\Intel\Intel(R) Management Engine Components\IPT;C:\Program Files\Intel\Intel(R) Management Engine Components\IPT;C:\Program Files\Intel\WiFi\bin\;C:\Program Files\Common Files\Intel\WirelessCommon\;C:\Program Files (x86)\Brackets\command;C:\Program Files\nodejs\;C:\Program Files\Git\cmd;C:\Program Files (x86)\Heroku\bin;C:\Program Files (x86)\git\cmd;C:\Program Files (x86)\Git\cmd;C:\Users\loset\AppData\Roaming\npm
560 verbose lifecycle bignum@0.11.0~install: CWD: C:\Users\loset\Documents\Web Projects\portfolio\node_modules\bignum
561 silly lifecycle bignum@0.11.0~install: Args: [ '/d /s /c', 'node-gyp configure build' ]
562 silly lifecycle bignum@0.11.0~install: Returned: code: 1  signal: null
563 info lifecycle bignum@0.11.0~install: Failed to exec install script
564 verbose unlock done using C:\Users\loset\AppData\Roaming\npm-cache\_locks\staging-71345142bd0a4634.lock for C:\Users\loset\Documents\Web Projects\portfolio\node_modules\.staging
565 silly rollbackFailedOptional Starting
566 silly rollbackFailedOptional Finishing
567 silly runTopLevelLifecycles Starting
568 silly runTopLevelLifecycles Finishing
569 silly install printInstalled
570 warn deploy-this-now@1.0.0 No repository field.
571 verbose stack Error: bignum@0.11.0 install: `node-gyp configure build`
571 verbose stack Exit status 1
571 verbose stack     at EventEmitter.<anonymous> (C:\Program Files\nodejs\node_modules\npm\lib\utils\lifecycle.js:239:16)
571 verbose stack     at emitTwo (events.js:100:13)
571 verbose stack     at EventEmitter.emit (events.js:185:7)
571 verbose stack     at ChildProcess.<anonymous> (C:\Program Files\nodejs\node_modules\npm\lib\utils\spawn.js:24:14)
571 verbose stack     at emitTwo (events.js:100:13)
571 verbose stack     at ChildProcess.emit (events.js:185:7)
571 verbose stack     at maybeClose (internal/child_process.js:850:16)
571 verbose stack     at Process.ChildProcess._handle.onexit (internal/child_process.js:215:5)
572 verbose pkgid bignum@0.11.0
573 verbose cwd C:\Users\loset\Documents\Web Projects\portfolio
574 error Windows_NT 10.0.10586
575 error argv "C:\\Program Files\\nodejs\\node.exe" "C:\\Program Files\\nodejs\\node_modules\\npm\\bin\\npm-cli.js" "install" "snapchat" "--save"
576 error node v5.10.1
577 error npm  v3.8.3
578 error code ELIFECYCLE
579 error bignum@0.11.0 install: `node-gyp configure build`
579 error Exit status 1
580 error Failed at the bignum@0.11.0 install script 'node-gyp configure build'.
580 error Make sure you have the latest version of node.js and npm installed.
580 error If you do, this is most likely a problem with the bignum package,
580 error not with npm itself.
580 error Tell the author that this fails on your system:
580 error     node-gyp configure build
580 error You can get information on how to open an issue for this project with:
580 error     npm bugs bignum
580 error Or if that isn't available, you can get their info via:
580 error     npm owner ls bignum
580 error There is likely additional logging output above.
581 verbose exit [ 1, true ]
